<?xml version="1.0" encoding="UTF-8" ?>
<testsuites>
  <testsuite failures="0" hostname="ibm-birajdeb" id="0" name="Assignment/tests" package="" skipped="0" tests="1" time="514.351" timestamp="Tue May 16 11:29:19 IST 2023">
	    <properties>
		      <property name="excludeCallableTestCases" value="true" />

		      <property name="testEnvironment" value="QA" />

		      <property name="pluginOutputLevel" value="WARNING" />

		      <property name="projectPath" value=".." />

		      <property name="salesforceMetadataCache" value="Reuse" />

		      <property name="resultsPathDisposition" value="Increment" />

		      <property name="testOutputLevel" value="INFO" />

		      <property name="webBrowserType" value="Chrome" />

		      <property name="resultsPath" value="../ANT/Results" />

		      <property name="webBrowserConfiguration" value="Full Screen" />

		      <property name="projectCachePath" value="C:\Users\biraj.deb\Provar\Assignment\Assignment\ANT\..\..\.provarCaches" />

	    </properties>

	    <testcase classname="tests/Callable\Create Case.testcase" name="Create Case.testcase" time="490.674">
	</testcase>

  </testsuite>
</testsuites>
